<?xml version="1.0" encoding="UTF-8"?>
<robot generator="Robot 3.2.1 (Python 3.8.5 on win32)" generated="20200813 22:34:13.165" rpa="false">
<suite id="s1" name="Nav" source="C:\qaninja\twp\Tests\nav.robot">
<test id="s1-t1" name="Deve acessar a tela Dialogs">
<kw name="Open Session" library="base" type="setup">
<kw name="Set Appium Timeout" library="AppiumLibrary">
<doc>Sets the timeout in seconds used by various keywords.</doc>
<arguments>
<arg>5</arg>
</arguments>
<status status="PASS" starttime="20200813 22:34:13.360" endtime="20200813 22:34:13.360"></status>
</kw>
<kw name="Open Application" library="AppiumLibrary">
<doc>Opens a new application to given Appium server.
Capabilities of appium server, Android and iOS,
Please check https://github.com/appium/appium/blob/master/docs/en/writing-running-appium/server-args.md
| *Option*            | *Man.* | *Description*     |
| remote_url          | Yes    | Appium server url |
| alias               | no     | alias             |</doc>
<arguments>
<arg>http://localhost:4723/wd/hub</arg>
<arg>automationName=UiAutomator2</arg>
<arg>platformName=Android</arg>
<arg>deviceName=Emulator</arg>
<arg>app=${EXECDIR}/app/twp.apk</arg>
<arg>udid=emulator-5554</arg>
</arguments>
<kw name="Capture Page Screenshot" library="AppiumLibrary">
<doc>Takes a screenshot of the current page and embeds it into the log.</doc>
<msg timestamp="20200813 22:34:15.433" level="FAIL">No application is open</msg>
<status status="FAIL" starttime="20200813 22:34:15.431" endtime="20200813 22:34:15.433"></status>
</kw>
<msg timestamp="20200813 22:34:15.433" level="WARN">Keyword 'Capture Page Screenshot' could not be run on failure: No application is open</msg>
<msg timestamp="20200813 22:34:15.437" level="FAIL">WebDriverException: Message: An unknown server-side error occurred while processing the command. Original error: The application at 'C:\qaninja\twp\Tests/app/twp.apk' does not exist or is not accessible
</msg>
<status status="FAIL" starttime="20200813 22:34:13.360" endtime="20200813 22:34:15.437"></status>
</kw>
<status status="FAIL" starttime="20200813 22:34:13.360" endtime="20200813 22:34:15.438"></status>
</kw>
<kw name="Close Session" library="base" type="teardown">
<kw name="Close Application" library="AppiumLibrary">
<doc>Closes the current application and also close webdriver session.</doc>
<kw name="Capture Page Screenshot" library="AppiumLibrary">
<doc>Takes a screenshot of the current page and embeds it into the log.</doc>
<msg timestamp="20200813 22:34:15.440" level="FAIL">No application is open</msg>
<status status="FAIL" starttime="20200813 22:34:15.439" endtime="20200813 22:34:15.440"></status>
</kw>
<msg timestamp="20200813 22:34:15.441" level="WARN">Keyword 'Capture Page Screenshot' could not be run on failure: No application is open</msg>
<msg timestamp="20200813 22:34:15.444" level="FAIL">No application is open</msg>
<status status="FAIL" starttime="20200813 22:34:15.439" endtime="20200813 22:34:15.444"></status>
</kw>
<status status="FAIL" starttime="20200813 22:34:15.438" endtime="20200813 22:34:15.444">No application is open</status>
</kw>
<status status="FAIL" starttime="20200813 22:34:13.359" endtime="20200813 22:34:15.445" critical="yes">Setup failed:
WebDriverException: Message: An unknown server-side error occurred while processing the command. Original error: The application at 'C:\qaninja\twp\Tests/app/twp.apk' does not exist or is not accessible


Also teardown failed:
No application is open</status>
</test>
<test id="s1-t2" name="Deve acessar a tela de formulários">
<kw name="Open Session" library="base" type="setup">
<kw name="Set Appium Timeout" library="AppiumLibrary">
<doc>Sets the timeout in seconds used by various keywords.</doc>
<arguments>
<arg>5</arg>
</arguments>
<status status="PASS" starttime="20200813 22:34:15.448" endtime="20200813 22:34:15.448"></status>
</kw>
<kw name="Open Application" library="AppiumLibrary">
<doc>Opens a new application to given Appium server.
Capabilities of appium server, Android and iOS,
Please check https://github.com/appium/appium/blob/master/docs/en/writing-running-appium/server-args.md
| *Option*            | *Man.* | *Description*     |
| remote_url          | Yes    | Appium server url |
| alias               | no     | alias             |</doc>
<arguments>
<arg>http://localhost:4723/wd/hub</arg>
<arg>automationName=UiAutomator2</arg>
<arg>platformName=Android</arg>
<arg>deviceName=Emulator</arg>
<arg>app=${EXECDIR}/app/twp.apk</arg>
<arg>udid=emulator-5554</arg>
</arguments>
<kw name="Capture Page Screenshot" library="AppiumLibrary">
<doc>Takes a screenshot of the current page and embeds it into the log.</doc>
<msg timestamp="20200813 22:34:17.485" level="FAIL">No application is open</msg>
<status status="FAIL" starttime="20200813 22:34:17.484" endtime="20200813 22:34:17.485"></status>
</kw>
<msg timestamp="20200813 22:34:17.486" level="WARN">Keyword 'Capture Page Screenshot' could not be run on failure: No application is open</msg>
<msg timestamp="20200813 22:34:17.489" level="FAIL">WebDriverException: Message: An unknown server-side error occurred while processing the command. Original error: The application at 'C:\qaninja\twp\Tests/app/twp.apk' does not exist or is not accessible
</msg>
<status status="FAIL" starttime="20200813 22:34:15.448" endtime="20200813 22:34:17.489"></status>
</kw>
<status status="FAIL" starttime="20200813 22:34:15.447" endtime="20200813 22:34:17.489"></status>
</kw>
<kw name="Close Session" library="base" type="teardown">
<kw name="Close Application" library="AppiumLibrary">
<doc>Closes the current application and also close webdriver session.</doc>
<kw name="Capture Page Screenshot" library="AppiumLibrary">
<doc>Takes a screenshot of the current page and embeds it into the log.</doc>
<msg timestamp="20200813 22:34:17.491" level="FAIL">No application is open</msg>
<status status="FAIL" starttime="20200813 22:34:17.490" endtime="20200813 22:34:17.491"></status>
</kw>
<msg timestamp="20200813 22:34:17.492" level="WARN">Keyword 'Capture Page Screenshot' could not be run on failure: No application is open</msg>
<msg timestamp="20200813 22:34:17.493" level="FAIL">No application is open</msg>
<status status="FAIL" starttime="20200813 22:34:17.490" endtime="20200813 22:34:17.493"></status>
</kw>
<status status="FAIL" starttime="20200813 22:34:17.489" endtime="20200813 22:34:17.494">No application is open</status>
</kw>
<status status="FAIL" starttime="20200813 22:34:15.447" endtime="20200813 22:34:17.494" critical="yes">Setup failed:
WebDriverException: Message: An unknown server-side error occurred while processing the command. Original error: The application at 'C:\qaninja\twp\Tests/app/twp.apk' does not exist or is not accessible


Also teardown failed:
No application is open</status>
</test>
<test id="s1-t3" name="Deve acessar a tela de vingadores">
<kw name="Open Session" library="base" type="setup">
<kw name="Set Appium Timeout" library="AppiumLibrary">
<doc>Sets the timeout in seconds used by various keywords.</doc>
<arguments>
<arg>5</arg>
</arguments>
<status status="PASS" starttime="20200813 22:34:17.497" endtime="20200813 22:34:17.497"></status>
</kw>
<kw name="Open Application" library="AppiumLibrary">
<doc>Opens a new application to given Appium server.
Capabilities of appium server, Android and iOS,
Please check https://github.com/appium/appium/blob/master/docs/en/writing-running-appium/server-args.md
| *Option*            | *Man.* | *Description*     |
| remote_url          | Yes    | Appium server url |
| alias               | no     | alias             |</doc>
<arguments>
<arg>http://localhost:4723/wd/hub</arg>
<arg>automationName=UiAutomator2</arg>
<arg>platformName=Android</arg>
<arg>deviceName=Emulator</arg>
<arg>app=${EXECDIR}/app/twp.apk</arg>
<arg>udid=emulator-5554</arg>
</arguments>
<kw name="Capture Page Screenshot" library="AppiumLibrary">
<doc>Takes a screenshot of the current page and embeds it into the log.</doc>
<msg timestamp="20200813 22:34:19.536" level="FAIL">No application is open</msg>
<status status="FAIL" starttime="20200813 22:34:19.535" endtime="20200813 22:34:19.537"></status>
</kw>
<msg timestamp="20200813 22:34:19.537" level="WARN">Keyword 'Capture Page Screenshot' could not be run on failure: No application is open</msg>
<msg timestamp="20200813 22:34:19.540" level="FAIL">WebDriverException: Message: An unknown server-side error occurred while processing the command. Original error: The application at 'C:\qaninja\twp\Tests/app/twp.apk' does not exist or is not accessible
</msg>
<status status="FAIL" starttime="20200813 22:34:17.497" endtime="20200813 22:34:19.540"></status>
</kw>
<status status="FAIL" starttime="20200813 22:34:17.496" endtime="20200813 22:34:19.540"></status>
</kw>
<kw name="Close Session" library="base" type="teardown">
<kw name="Close Application" library="AppiumLibrary">
<doc>Closes the current application and also close webdriver session.</doc>
<kw name="Capture Page Screenshot" library="AppiumLibrary">
<doc>Takes a screenshot of the current page and embeds it into the log.</doc>
<msg timestamp="20200813 22:34:19.544" level="FAIL">No application is open</msg>
<status status="FAIL" starttime="20200813 22:34:19.541" endtime="20200813 22:34:19.544"></status>
</kw>
<msg timestamp="20200813 22:34:19.545" level="WARN">Keyword 'Capture Page Screenshot' could not be run on failure: No application is open</msg>
<msg timestamp="20200813 22:34:19.547" level="FAIL">No application is open</msg>
<status status="FAIL" starttime="20200813 22:34:19.541" endtime="20200813 22:34:19.547"></status>
</kw>
<status status="FAIL" starttime="20200813 22:34:19.541" endtime="20200813 22:34:19.547">No application is open</status>
</kw>
<status status="FAIL" starttime="20200813 22:34:17.496" endtime="20200813 22:34:19.547" critical="yes">Setup failed:
WebDriverException: Message: An unknown server-side error occurred while processing the command. Original error: The application at 'C:\qaninja\twp\Tests/app/twp.apk' does not exist or is not accessible


Also teardown failed:
No application is open</status>
</test>
<status status="FAIL" starttime="20200813 22:34:13.167" endtime="20200813 22:34:19.550"></status>
</suite>
<statistics>
<total>
<stat pass="0" fail="3">Critical Tests</stat>
<stat pass="0" fail="3">All Tests</stat>
</total>
<tag>
</tag>
<suite>
<stat pass="0" fail="3" id="s1" name="Nav">Nav</stat>
</suite>
</statistics>
<errors>
<msg timestamp="20200813 22:34:15.433" level="WARN">Keyword 'Capture Page Screenshot' could not be run on failure: No application is open</msg>
<msg timestamp="20200813 22:34:15.441" level="WARN">Keyword 'Capture Page Screenshot' could not be run on failure: No application is open</msg>
<msg timestamp="20200813 22:34:17.486" level="WARN">Keyword 'Capture Page Screenshot' could not be run on failure: No application is open</msg>
<msg timestamp="20200813 22:34:17.492" level="WARN">Keyword 'Capture Page Screenshot' could not be run on failure: No application is open</msg>
<msg timestamp="20200813 22:34:19.537" level="WARN">Keyword 'Capture Page Screenshot' could not be run on failure: No application is open</msg>
<msg timestamp="20200813 22:34:19.545" level="WARN">Keyword 'Capture Page Screenshot' could not be run on failure: No application is open</msg>
</errors>
</robot>
