<?xml version="1.0" encoding="UTF-8"?>
<robot generator="Robot 3.2.1 (Python 3.8.5 on win32)" generated="20200813 22:48:29.222" rpa="false">
<suite id="s1" name="Nav" source="C:\qaninja\twp\Tests\nav.robot">
<test id="s1-t1" name="Deve acessar a tela Dialogs">
<kw name="Open Session" library="base" type="setup">
<kw name="Set Appium Timeout" library="AppiumLibrary">
<doc>Sets the timeout in seconds used by various keywords.</doc>
<arguments>
<arg>5</arg>
</arguments>
<status status="PASS" starttime="20200813 22:48:29.422" endtime="20200813 22:48:29.422"></status>
</kw>
<kw name="Open Application" library="AppiumLibrary">
<doc>Opens a new application to given Appium server.
Capabilities of appium server, Android and iOS,
Please check https://github.com/appium/appium/blob/master/docs/en/writing-running-appium/server-args.md
| *Option*            | *Man.* | *Description*     |
| remote_url          | Yes    | Appium server url |
| alias               | no     | alias             |</doc>
<arguments>
<arg>http://localhost:4723/wd/hub</arg>
<arg>automationName=UiAutomator2</arg>
<arg>platformName=Android</arg>
<arg>deviceName=Emulator</arg>
<arg>app=${EXECDIR}/app/twp.apk</arg>
<arg>udid=emulator-5554</arg>
</arguments>
<status status="PASS" starttime="20200813 22:48:29.422" endtime="20200813 22:48:52.464"></status>
</kw>
<status status="PASS" starttime="20200813 22:48:29.421" endtime="20200813 22:48:52.465"></status>
</kw>
<kw name="Get Started" library="base">
<kw name="Wait Until Page Contains" library="AppiumLibrary">
<doc>Waits until `text` appears on current page.</doc>
<arguments>
<arg>${START}</arg>
</arguments>
<status status="PASS" starttime="20200813 22:48:52.465" endtime="20200813 22:48:56.429"></status>
</kw>
<kw name="Click Text" library="AppiumLibrary">
<doc>Click text identified by ``text``.</doc>
<arguments>
<arg>${START}</arg>
</arguments>
<status status="PASS" starttime="20200813 22:48:56.429" endtime="20200813 22:48:56.717"></status>
</kw>
<status status="PASS" starttime="20200813 22:48:52.465" endtime="20200813 22:48:56.718"></status>
</kw>
<kw name="Open Navigator" library="base">
<kw name="Wait Until Element Is Visible" library="AppiumLibrary">
<doc>Waits until element specified with `locator` is visible.</doc>
<arguments>
<arg>${MENU}</arg>
</arguments>
<status status="PASS" starttime="20200813 22:48:56.719" endtime="20200813 22:48:57.985"></status>
</kw>
<kw name="Click Element" library="AppiumLibrary">
<doc>Click element identified by `locator`.</doc>
<arguments>
<arg>${MENU}</arg>
</arguments>
<msg timestamp="20200813 22:48:57.986" level="INFO">Clicking element 'xpath=//android.widget.ImageButton[@content-desc="Open navigation drawer"]'.</msg>
<status status="PASS" starttime="20200813 22:48:57.985" endtime="20200813 22:48:58.171"></status>
</kw>
<kw name="Wait Until Element Is Visible" library="AppiumLibrary">
<doc>Waits until element specified with `locator` is visible.</doc>
<arguments>
<arg>${NAV_VIEW}</arg>
</arguments>
<status status="PASS" starttime="20200813 22:48:58.171" endtime="20200813 22:48:59.116"></status>
</kw>
<status status="PASS" starttime="20200813 22:48:56.718" endtime="20200813 22:48:59.116"></status>
</kw>
<kw name="Click Text" library="AppiumLibrary">
<doc>Click text identified by ``text``.</doc>
<arguments>
<arg>DIALOGS</arg>
</arguments>
<status status="PASS" starttime="20200813 22:48:59.117" endtime="20200813 22:48:59.470"></status>
</kw>
<kw name="Wait Until Element Is Visible" library="AppiumLibrary">
<doc>Waits until element specified with `locator` is visible.</doc>
<arguments>
<arg>${TOOLBAR_TITTLE}</arg>
</arguments>
<status status="PASS" starttime="20200813 22:48:59.471" endtime="20200813 22:49:00.396"></status>
</kw>
<kw name="Element Text Should Be" library="AppiumLibrary">
<doc>Verifies element identified by ``locator`` exactly contains text ``expected``.</doc>
<arguments>
<arg>${TOOLBAR_TITTLE}</arg>
<arg>DIALOGS</arg>
</arguments>
<msg timestamp="20200813 22:49:00.398" level="INFO">Verifying element 'id=io.qaninja.android.twp:id/toolbarTitle' contains exactly text 'DIALOGS'.</msg>
<status status="PASS" starttime="20200813 22:49:00.397" endtime="20200813 22:49:00.440"></status>
</kw>
<kw name="Close Session" library="base" type="teardown">
<kw name="Close Application" library="AppiumLibrary">
<doc>Closes the current application and also close webdriver session.</doc>
<status status="PASS" starttime="20200813 22:49:00.441" endtime="20200813 22:49:01.872"></status>
</kw>
<status status="PASS" starttime="20200813 22:49:00.441" endtime="20200813 22:49:01.873"></status>
</kw>
<status status="PASS" starttime="20200813 22:48:29.421" endtime="20200813 22:49:01.873" critical="yes"></status>
</test>
<test id="s1-t2" name="Deve acessar a tela de formulários">
<kw name="Open Session" library="base" type="setup">
<kw name="Set Appium Timeout" library="AppiumLibrary">
<doc>Sets the timeout in seconds used by various keywords.</doc>
<arguments>
<arg>5</arg>
</arguments>
<status status="PASS" starttime="20200813 22:49:01.877" endtime="20200813 22:49:01.877"></status>
</kw>
<kw name="Open Application" library="AppiumLibrary">
<doc>Opens a new application to given Appium server.
Capabilities of appium server, Android and iOS,
Please check https://github.com/appium/appium/blob/master/docs/en/writing-running-appium/server-args.md
| *Option*            | *Man.* | *Description*     |
| remote_url          | Yes    | Appium server url |
| alias               | no     | alias             |</doc>
<arguments>
<arg>http://localhost:4723/wd/hub</arg>
<arg>automationName=UiAutomator2</arg>
<arg>platformName=Android</arg>
<arg>deviceName=Emulator</arg>
<arg>app=${EXECDIR}/app/twp.apk</arg>
<arg>udid=emulator-5554</arg>
</arguments>
<status status="PASS" starttime="20200813 22:49:01.877" endtime="20200813 22:49:23.846"></status>
</kw>
<status status="PASS" starttime="20200813 22:49:01.876" endtime="20200813 22:49:23.847"></status>
</kw>
<kw name="Get Started" library="base">
<kw name="Wait Until Page Contains" library="AppiumLibrary">
<doc>Waits until `text` appears on current page.</doc>
<arguments>
<arg>${START}</arg>
</arguments>
<status status="PASS" starttime="20200813 22:49:23.847" endtime="20200813 22:49:27.976"></status>
</kw>
<kw name="Click Text" library="AppiumLibrary">
<doc>Click text identified by ``text``.</doc>
<arguments>
<arg>${START}</arg>
</arguments>
<status status="PASS" starttime="20200813 22:49:27.976" endtime="20200813 22:49:28.469"></status>
</kw>
<status status="PASS" starttime="20200813 22:49:23.847" endtime="20200813 22:49:28.469"></status>
</kw>
<kw name="Open Navigator" library="base">
<kw name="Wait Until Element Is Visible" library="AppiumLibrary">
<doc>Waits until element specified with `locator` is visible.</doc>
<arguments>
<arg>${MENU}</arg>
</arguments>
<status status="PASS" starttime="20200813 22:49:28.470" endtime="20200813 22:49:29.798"></status>
</kw>
<kw name="Click Element" library="AppiumLibrary">
<doc>Click element identified by `locator`.</doc>
<arguments>
<arg>${MENU}</arg>
</arguments>
<msg timestamp="20200813 22:49:29.800" level="INFO">Clicking element 'xpath=//android.widget.ImageButton[@content-desc="Open navigation drawer"]'.</msg>
<status status="PASS" starttime="20200813 22:49:29.798" endtime="20200813 22:49:29.981"></status>
</kw>
<kw name="Wait Until Element Is Visible" library="AppiumLibrary">
<doc>Waits until element specified with `locator` is visible.</doc>
<arguments>
<arg>${NAV_VIEW}</arg>
</arguments>
<status status="PASS" starttime="20200813 22:49:29.981" endtime="20200813 22:49:30.938"></status>
</kw>
<status status="PASS" starttime="20200813 22:49:28.469" endtime="20200813 22:49:30.938"></status>
</kw>
<kw name="Click Text" library="AppiumLibrary">
<doc>Click text identified by ``text``.</doc>
<arguments>
<arg>FORMS</arg>
</arguments>
<status status="PASS" starttime="20200813 22:49:30.939" endtime="20200813 22:49:31.219"></status>
</kw>
<kw name="Wait Until Element Is Visible" library="AppiumLibrary">
<doc>Waits until element specified with `locator` is visible.</doc>
<arguments>
<arg>${TOOLBAR_TITTLE}</arg>
</arguments>
<status status="PASS" starttime="20200813 22:49:31.220" endtime="20200813 22:49:32.152"></status>
</kw>
<kw name="Element Text Should Be" library="AppiumLibrary">
<doc>Verifies element identified by ``locator`` exactly contains text ``expected``.</doc>
<arguments>
<arg>${TOOLBAR_TITTLE}</arg>
<arg>FORMS</arg>
</arguments>
<msg timestamp="20200813 22:49:32.154" level="INFO">Verifying element 'id=io.qaninja.android.twp:id/toolbarTitle' contains exactly text 'FORMS'.</msg>
<status status="PASS" starttime="20200813 22:49:32.153" endtime="20200813 22:49:32.194"></status>
</kw>
<kw name="Close Session" library="base" type="teardown">
<kw name="Close Application" library="AppiumLibrary">
<doc>Closes the current application and also close webdriver session.</doc>
<status status="PASS" starttime="20200813 22:49:32.195" endtime="20200813 22:49:33.557"></status>
</kw>
<status status="PASS" starttime="20200813 22:49:32.195" endtime="20200813 22:49:33.557"></status>
</kw>
<status status="PASS" starttime="20200813 22:49:01.875" endtime="20200813 22:49:33.558" critical="yes"></status>
</test>
<test id="s1-t3" name="Deve acessar a tela de vingadores">
<kw name="Open Session" library="base" type="setup">
<kw name="Set Appium Timeout" library="AppiumLibrary">
<doc>Sets the timeout in seconds used by various keywords.</doc>
<arguments>
<arg>5</arg>
</arguments>
<status status="PASS" starttime="20200813 22:49:33.560" endtime="20200813 22:49:33.560"></status>
</kw>
<kw name="Open Application" library="AppiumLibrary">
<doc>Opens a new application to given Appium server.
Capabilities of appium server, Android and iOS,
Please check https://github.com/appium/appium/blob/master/docs/en/writing-running-appium/server-args.md
| *Option*            | *Man.* | *Description*     |
| remote_url          | Yes    | Appium server url |
| alias               | no     | alias             |</doc>
<arguments>
<arg>http://localhost:4723/wd/hub</arg>
<arg>automationName=UiAutomator2</arg>
<arg>platformName=Android</arg>
<arg>deviceName=Emulator</arg>
<arg>app=${EXECDIR}/app/twp.apk</arg>
<arg>udid=emulator-5554</arg>
</arguments>
<status status="PASS" starttime="20200813 22:49:33.561" endtime="20200813 22:49:55.361"></status>
</kw>
<status status="PASS" starttime="20200813 22:49:33.560" endtime="20200813 22:49:55.361"></status>
</kw>
<kw name="Get Started" library="base">
<kw name="Wait Until Page Contains" library="AppiumLibrary">
<doc>Waits until `text` appears on current page.</doc>
<arguments>
<arg>${START}</arg>
</arguments>
<status status="PASS" starttime="20200813 22:49:55.362" endtime="20200813 22:49:59.482"></status>
</kw>
<kw name="Click Text" library="AppiumLibrary">
<doc>Click text identified by ``text``.</doc>
<arguments>
<arg>${START}</arg>
</arguments>
<status status="PASS" starttime="20200813 22:49:59.482" endtime="20200813 22:49:59.928"></status>
</kw>
<status status="PASS" starttime="20200813 22:49:55.361" endtime="20200813 22:49:59.929"></status>
</kw>
<kw name="Open Navigator" library="base">
<kw name="Wait Until Element Is Visible" library="AppiumLibrary">
<doc>Waits until element specified with `locator` is visible.</doc>
<arguments>
<arg>${MENU}</arg>
</arguments>
<status status="PASS" starttime="20200813 22:49:59.930" endtime="20200813 22:50:01.282"></status>
</kw>
<kw name="Click Element" library="AppiumLibrary">
<doc>Click element identified by `locator`.</doc>
<arguments>
<arg>${MENU}</arg>
</arguments>
<msg timestamp="20200813 22:50:01.283" level="INFO">Clicking element 'xpath=//android.widget.ImageButton[@content-desc="Open navigation drawer"]'.</msg>
<status status="PASS" starttime="20200813 22:50:01.282" endtime="20200813 22:50:01.463"></status>
</kw>
<kw name="Wait Until Element Is Visible" library="AppiumLibrary">
<doc>Waits until element specified with `locator` is visible.</doc>
<arguments>
<arg>${NAV_VIEW}</arg>
</arguments>
<status status="PASS" starttime="20200813 22:50:01.464" endtime="20200813 22:50:02.419"></status>
</kw>
<status status="PASS" starttime="20200813 22:49:59.929" endtime="20200813 22:50:02.419"></status>
</kw>
<kw name="Click Text" library="AppiumLibrary">
<doc>Click text identified by ``text``.</doc>
<arguments>
<arg>AVENGERS</arg>
</arguments>
<status status="PASS" starttime="20200813 22:50:02.420" endtime="20200813 22:50:03.282"></status>
</kw>
<kw name="Wait Until Element Is Visible" library="AppiumLibrary">
<doc>Waits until element specified with `locator` is visible.</doc>
<arguments>
<arg>${TOOLBAR_TITTLE}</arg>
</arguments>
<status status="PASS" starttime="20200813 22:50:03.283" endtime="20200813 22:50:04.225"></status>
</kw>
<kw name="Element Text Should Be" library="AppiumLibrary">
<doc>Verifies element identified by ``locator`` exactly contains text ``expected``.</doc>
<arguments>
<arg>${TOOLBAR_TITTLE}</arg>
<arg>AVENGERS</arg>
</arguments>
<msg timestamp="20200813 22:50:04.226" level="INFO">Verifying element 'id=io.qaninja.android.twp:id/toolbarTitle' contains exactly text 'AVENGERS'.</msg>
<status status="PASS" starttime="20200813 22:50:04.225" endtime="20200813 22:50:04.265"></status>
</kw>
<kw name="Close Session" library="base" type="teardown">
<kw name="Close Application" library="AppiumLibrary">
<doc>Closes the current application and also close webdriver session.</doc>
<status status="PASS" starttime="20200813 22:50:04.266" endtime="20200813 22:50:05.650"></status>
</kw>
<status status="PASS" starttime="20200813 22:50:04.265" endtime="20200813 22:50:05.650"></status>
</kw>
<status status="PASS" starttime="20200813 22:49:33.559" endtime="20200813 22:50:05.651" critical="yes"></status>
</test>
<status status="PASS" starttime="20200813 22:48:29.224" endtime="20200813 22:50:05.655"></status>
</suite>
<statistics>
<total>
<stat pass="3" fail="0">Critical Tests</stat>
<stat pass="3" fail="0">All Tests</stat>
</total>
<tag>
</tag>
<suite>
<stat pass="3" fail="0" id="s1" name="Nav">Nav</stat>
</suite>
</statistics>
<errors>
</errors>
</robot>
