<?xml version="1.0" encoding="UTF-8"?>
<robot generator="Robot 3.2.1 (Python 3.8.5 on win32)" generated="20200818 14:01:51.276" rpa="false">
<suite id="s1" name="Buttons" source="C:\Git\Treinamentos\QaNinja\twp\tests\buttons.robot">
<test id="s1-t1" name="Deve realizar um clique simples">
<kw name="Open Session" library="base" type="setup">
<kw name="Set Appium Timeout" library="AppiumLibrary">
<doc>Sets the timeout in seconds used by various keywords.</doc>
<arguments>
<arg>5</arg>
</arguments>
<status status="PASS" starttime="20200818 14:01:51.490" endtime="20200818 14:01:51.490"></status>
</kw>
<kw name="Open Application" library="AppiumLibrary">
<doc>Opens a new application to given Appium server.
Capabilities of appium server, Android and iOS,
Please check https://github.com/appium/appium/blob/master/docs/en/writing-running-appium/server-args.md
| *Option*            | *Man.* | *Description*     |
| remote_url          | Yes    | Appium server url |
| alias               | no     | alias             |</doc>
<arguments>
<arg>http://localhost:4723/wd/hub</arg>
<arg>automationName=UiAutomator2</arg>
<arg>platformName=Android</arg>
<arg>deviceName=Emulator</arg>
<arg>app=${EXECDIR}/app/twp.apk</arg>
<arg>udid=emulator-5554</arg>
</arguments>
<status status="PASS" starttime="20200818 14:01:51.490" endtime="20200818 14:02:14.465"></status>
</kw>
<kw name="Get Started" library="helpers">
<kw name="Wait Until Page Contains" library="AppiumLibrary">
<doc>Waits until `text` appears on current page.</doc>
<arguments>
<arg>${START}</arg>
</arguments>
<status status="PASS" starttime="20200818 14:02:14.466" endtime="20200818 14:02:18.583"></status>
</kw>
<kw name="Click Text" library="AppiumLibrary">
<doc>Click text identified by ``text``.</doc>
<arguments>
<arg>${START}</arg>
</arguments>
<status status="PASS" starttime="20200818 14:02:18.584" endtime="20200818 14:02:18.998"></status>
</kw>
<status status="PASS" starttime="20200818 14:02:14.465" endtime="20200818 14:02:18.998"></status>
</kw>
<status status="PASS" starttime="20200818 14:01:51.490" endtime="20200818 14:02:18.998"></status>
</kw>
<kw name="Go To Short Click" library="helpers">
<kw name="Open Nav" library="helpers">
<kw name="Wait Until Element Is Visible" library="AppiumLibrary">
<doc>Waits until element specified with `locator` is visible.</doc>
<arguments>
<arg>${HAMBURGUER}</arg>
</arguments>
<status status="PASS" starttime="20200818 14:02:19.000" endtime="20200818 14:02:20.315"></status>
</kw>
<kw name="Click Element" library="AppiumLibrary">
<doc>Click element identified by `locator`.</doc>
<arguments>
<arg>${HAMBURGUER}</arg>
</arguments>
<msg timestamp="20200818 14:02:20.317" level="INFO">Clicking element 'xpath=//android.widget.ImageButton[@content-desc="Open navigation drawer"]'.</msg>
<status status="PASS" starttime="20200818 14:02:20.315" endtime="20200818 14:02:20.489"></status>
</kw>
<kw name="Wait Until Element Is Visible" library="AppiumLibrary">
<doc>Waits until element specified with `locator` is visible.</doc>
<arguments>
<arg>${NAV_VIEW}</arg>
</arguments>
<status status="PASS" starttime="20200818 14:02:20.489" endtime="20200818 14:02:21.429"></status>
</kw>
<status status="PASS" starttime="20200818 14:02:18.999" endtime="20200818 14:02:21.429"></status>
</kw>
<kw name="Click Text" library="AppiumLibrary">
<doc>Click text identified by ``text``.</doc>
<arguments>
<arg>BOTÕES</arg>
</arguments>
<status status="PASS" starttime="20200818 14:02:21.429" endtime="20200818 14:02:21.765"></status>
</kw>
<kw name="Wait Until Page Contains" library="AppiumLibrary">
<doc>Waits until `text` appears on current page.</doc>
<arguments>
<arg>CLIQUE SIMPLES</arg>
</arguments>
<status status="PASS" starttime="20200818 14:02:21.765" endtime="20200818 14:02:22.261"></status>
</kw>
<kw name="Click Text" library="AppiumLibrary">
<doc>Click text identified by ``text``.</doc>
<arguments>
<arg>CLIQUE SIMPLES</arg>
</arguments>
<status status="PASS" starttime="20200818 14:02:22.262" endtime="20200818 14:02:22.824"></status>
</kw>
<kw name="Wait Until Page Contains" library="AppiumLibrary">
<doc>Waits until `text` appears on current page.</doc>
<arguments>
<arg>Botão clique simples</arg>
</arguments>
<status status="PASS" starttime="20200818 14:02:22.824" endtime="20200818 14:02:23.736"></status>
</kw>
<status status="PASS" starttime="20200818 14:02:18.999" endtime="20200818 14:02:23.736"></status>
</kw>
<kw name="Click Element" library="AppiumLibrary">
<doc>Click element identified by `locator`.</doc>
<arguments>
<arg>id=io.qaninja.android.twp:id/short_click</arg>
</arguments>
<msg timestamp="20200818 14:02:23.738" level="INFO">Clicking element 'id=io.qaninja.android.twp:id/short_click'.</msg>
<status status="PASS" starttime="20200818 14:02:23.737" endtime="20200818 14:02:23.789"></status>
</kw>
<kw name="Wait Until Page Contains" library="AppiumLibrary">
<doc>Waits until `text` appears on current page.</doc>
<arguments>
<arg>Isso é um clique simples</arg>
</arguments>
<status status="PASS" starttime="20200818 14:02:23.790" endtime="20200818 14:02:23.899"></status>
</kw>
<kw name="Close Session" library="base" type="teardown">
<kw name="Close Application" library="AppiumLibrary">
<doc>Closes the current application and also close webdriver session.</doc>
<status status="PASS" starttime="20200818 14:02:23.900" endtime="20200818 14:02:25.548"></status>
</kw>
<status status="PASS" starttime="20200818 14:02:23.900" endtime="20200818 14:02:25.548"></status>
</kw>
<status status="PASS" starttime="20200818 14:01:51.489" endtime="20200818 14:02:25.549" critical="yes"></status>
</test>
<test id="s1-t2" name="Deve realizar um clique longo">
<kw name="Open Session" library="base" type="setup">
<kw name="Set Appium Timeout" library="AppiumLibrary">
<doc>Sets the timeout in seconds used by various keywords.</doc>
<arguments>
<arg>5</arg>
</arguments>
<status status="PASS" starttime="20200818 14:02:25.551" endtime="20200818 14:02:25.551"></status>
</kw>
<kw name="Open Application" library="AppiumLibrary">
<doc>Opens a new application to given Appium server.
Capabilities of appium server, Android and iOS,
Please check https://github.com/appium/appium/blob/master/docs/en/writing-running-appium/server-args.md
| *Option*            | *Man.* | *Description*     |
| remote_url          | Yes    | Appium server url |
| alias               | no     | alias             |</doc>
<arguments>
<arg>http://localhost:4723/wd/hub</arg>
<arg>automationName=UiAutomator2</arg>
<arg>platformName=Android</arg>
<arg>deviceName=Emulator</arg>
<arg>app=${EXECDIR}/app/twp.apk</arg>
<arg>udid=emulator-5554</arg>
</arguments>
<status status="PASS" starttime="20200818 14:02:25.551" endtime="20200818 14:02:48.788"></status>
</kw>
<kw name="Get Started" library="helpers">
<kw name="Wait Until Page Contains" library="AppiumLibrary">
<doc>Waits until `text` appears on current page.</doc>
<arguments>
<arg>${START}</arg>
</arguments>
<status status="PASS" starttime="20200818 14:02:48.788" endtime="20200818 14:02:53.024"></status>
</kw>
<kw name="Click Text" library="AppiumLibrary">
<doc>Click text identified by ``text``.</doc>
<arguments>
<arg>${START}</arg>
</arguments>
<status status="PASS" starttime="20200818 14:02:53.025" endtime="20200818 14:02:53.478"></status>
</kw>
<status status="PASS" starttime="20200818 14:02:48.788" endtime="20200818 14:02:53.478"></status>
</kw>
<status status="PASS" starttime="20200818 14:02:25.551" endtime="20200818 14:02:53.478"></status>
</kw>
<kw name="Go To Long Click" library="helpers">
<kw name="Open Nav" library="helpers">
<kw name="Wait Until Element Is Visible" library="AppiumLibrary">
<doc>Waits until element specified with `locator` is visible.</doc>
<arguments>
<arg>${HAMBURGUER}</arg>
</arguments>
<status status="PASS" starttime="20200818 14:02:53.480" endtime="20200818 14:02:54.802"></status>
</kw>
<kw name="Click Element" library="AppiumLibrary">
<doc>Click element identified by `locator`.</doc>
<arguments>
<arg>${HAMBURGUER}</arg>
</arguments>
<msg timestamp="20200818 14:02:54.804" level="INFO">Clicking element 'xpath=//android.widget.ImageButton[@content-desc="Open navigation drawer"]'.</msg>
<status status="PASS" starttime="20200818 14:02:54.802" endtime="20200818 14:02:55.003"></status>
</kw>
<kw name="Wait Until Element Is Visible" library="AppiumLibrary">
<doc>Waits until element specified with `locator` is visible.</doc>
<arguments>
<arg>${NAV_VIEW}</arg>
</arguments>
<status status="PASS" starttime="20200818 14:02:55.003" endtime="20200818 14:02:55.956"></status>
</kw>
<status status="PASS" starttime="20200818 14:02:53.479" endtime="20200818 14:02:55.957"></status>
</kw>
<kw name="Click Text" library="AppiumLibrary">
<doc>Click text identified by ``text``.</doc>
<arguments>
<arg>BOTÕES</arg>
</arguments>
<status status="PASS" starttime="20200818 14:02:55.957" endtime="20200818 14:02:56.297"></status>
</kw>
<kw name="Wait Until Page Contains" library="AppiumLibrary">
<doc>Waits until `text` appears on current page.</doc>
<arguments>
<arg>CLIQUE LONGO</arg>
</arguments>
<status status="PASS" starttime="20200818 14:02:56.297" endtime="20200818 14:02:56.735"></status>
</kw>
<kw name="Click Text" library="AppiumLibrary">
<doc>Click text identified by ``text``.</doc>
<arguments>
<arg>CLIQUE LONGO</arg>
</arguments>
<status status="PASS" starttime="20200818 14:02:56.736" endtime="20200818 14:02:57.373"></status>
</kw>
<kw name="Wait Until Page Contains" library="AppiumLibrary">
<doc>Waits until `text` appears on current page.</doc>
<arguments>
<arg>Botão clique longo</arg>
</arguments>
<status status="PASS" starttime="20200818 14:02:57.373" endtime="20200818 14:02:58.295"></status>
</kw>
<status status="PASS" starttime="20200818 14:02:53.479" endtime="20200818 14:02:58.295"></status>
</kw>
<kw name="Long Press" library="AppiumLibrary">
<doc>Long press the element with optional duration</doc>
<arguments>
<arg>id=io.qaninja.android.twp:id/long_click</arg>
<arg>1000</arg>
</arguments>
<status status="PASS" starttime="20200818 14:02:58.296" endtime="20200818 14:03:00.897"></status>
</kw>
<kw name="Wait Until Page Contains" library="AppiumLibrary">
<doc>Waits until `text` appears on current page.</doc>
<arguments>
<arg>CLIQUE LONGO OK</arg>
</arguments>
<status status="PASS" starttime="20200818 14:03:00.897" endtime="20200818 14:03:00.968"></status>
</kw>
<kw name="Close Session" library="base" type="teardown">
<kw name="Close Application" library="AppiumLibrary">
<doc>Closes the current application and also close webdriver session.</doc>
<status status="PASS" starttime="20200818 14:03:00.969" endtime="20200818 14:03:02.495"></status>
</kw>
<status status="PASS" starttime="20200818 14:03:00.969" endtime="20200818 14:03:02.495"></status>
</kw>
<status status="PASS" starttime="20200818 14:02:25.550" endtime="20200818 14:03:02.495" critical="yes"></status>
</test>
<status status="PASS" starttime="20200818 14:01:51.278" endtime="20200818 14:03:02.497"></status>
</suite>
<statistics>
<total>
<stat pass="2" fail="0">Critical Tests</stat>
<stat pass="2" fail="0">All Tests</stat>
</total>
<tag>
</tag>
<suite>
<stat pass="2" fail="0" id="s1" name="Buttons">Buttons</stat>
</suite>
</statistics>
<errors>
</errors>
</robot>
