<?xml version="1.0" encoding="UTF-8"?>
<robot generator="Robot 3.2.1 (Python 3.8.5 on win32)" generated="20200819 10:12:45.990" rpa="false">
<suite id="s1" name="Drag-And-Drop" source="C:\Git\Treinamentos\QaNinja\twp\tests\drag-and-drop.robot">
<test id="s1-t1" name="Deve mover o hulk para o topo da lista">
<kw name="Open Session" library="base" type="setup">
<kw name="Set Appium Timeout" library="AppiumLibrary">
<doc>Sets the timeout in seconds used by various keywords.</doc>
<arguments>
<arg>5</arg>
</arguments>
<status status="PASS" starttime="20200819 10:12:46.201" endtime="20200819 10:12:46.201"></status>
</kw>
<kw name="Open Application" library="AppiumLibrary">
<doc>Opens a new application to given Appium server.
Capabilities of appium server, Android and iOS,
Please check https://github.com/appium/appium/blob/master/docs/en/writing-running-appium/server-args.md
| *Option*            | *Man.* | *Description*     |
| remote_url          | Yes    | Appium server url |
| alias               | no     | alias             |</doc>
<arguments>
<arg>http://localhost:4723/wd/hub</arg>
<arg>automationName=UiAutomator2</arg>
<arg>platformName=Android</arg>
<arg>deviceName=Emulator</arg>
<arg>app=${EXECDIR}/app/twp.apk</arg>
<arg>udid=emulator-5554</arg>
</arguments>
<status status="PASS" starttime="20200819 10:12:46.201" endtime="20200819 10:13:09.364"></status>
</kw>
<kw name="Get Started" library="helpers">
<kw name="Wait Until Page Contains" library="AppiumLibrary">
<doc>Waits until `text` appears on current page.</doc>
<arguments>
<arg>${START}</arg>
</arguments>
<status status="PASS" starttime="20200819 10:13:09.364" endtime="20200819 10:13:13.867"></status>
</kw>
<kw name="Click Text" library="AppiumLibrary">
<doc>Click text identified by ``text``.</doc>
<arguments>
<arg>${START}</arg>
</arguments>
<status status="PASS" starttime="20200819 10:13:13.868" endtime="20200819 10:13:14.283"></status>
</kw>
<status status="PASS" starttime="20200819 10:13:09.364" endtime="20200819 10:13:14.283"></status>
</kw>
<status status="PASS" starttime="20200819 10:12:46.200" endtime="20200819 10:13:14.283"></status>
</kw>
<kw name="Go To Avenger List" library="helpers">
<kw name="Open Nav" library="helpers">
<kw name="Wait Until Element Is Visible" library="AppiumLibrary">
<doc>Waits until element specified with `locator` is visible.</doc>
<arguments>
<arg>${HAMBURGUER}</arg>
</arguments>
<status status="PASS" starttime="20200819 10:13:14.284" endtime="20200819 10:13:15.626"></status>
</kw>
<kw name="Click Element" library="AppiumLibrary">
<doc>Click element identified by `locator`.</doc>
<arguments>
<arg>${HAMBURGUER}</arg>
</arguments>
<msg timestamp="20200819 10:13:15.627" level="INFO">Clicking element 'xpath=//android.widget.ImageButton[@content-desc="Open navigation drawer"]'.</msg>
<status status="PASS" starttime="20200819 10:13:15.626" endtime="20200819 10:13:15.820"></status>
</kw>
<kw name="Wait Until Element Is Visible" library="AppiumLibrary">
<doc>Waits until element specified with `locator` is visible.</doc>
<arguments>
<arg>${NAV_VIEW}</arg>
</arguments>
<status status="PASS" starttime="20200819 10:13:15.820" endtime="20200819 10:13:16.770"></status>
</kw>
<status status="PASS" starttime="20200819 10:13:14.284" endtime="20200819 10:13:16.770"></status>
</kw>
<kw name="Click Text" library="AppiumLibrary">
<doc>Click text identified by ``text``.</doc>
<arguments>
<arg>AVENGERS</arg>
</arguments>
<status status="PASS" starttime="20200819 10:13:16.771" endtime="20200819 10:13:17.140"></status>
</kw>
<kw name="Wait Until Page Contains" library="AppiumLibrary">
<doc>Waits until `text` appears on current page.</doc>
<arguments>
<arg>AVENGERS</arg>
</arguments>
<status status="PASS" starttime="20200819 10:13:17.140" endtime="20200819 10:13:17.579"></status>
</kw>
<kw name="Click Text" library="AppiumLibrary">
<doc>Click text identified by ``text``.</doc>
<arguments>
<arg>LISTA</arg>
</arguments>
<status status="PASS" starttime="20200819 10:13:17.579" endtime="20200819 10:13:18.217"></status>
</kw>
<kw name="Wait Until Page Contains" library="AppiumLibrary">
<doc>Waits until `text` appears on current page.</doc>
<arguments>
<arg>LISTA</arg>
</arguments>
<status status="PASS" starttime="20200819 10:13:18.217" endtime="20200819 10:13:18.337"></status>
</kw>
<status status="PASS" starttime="20200819 10:13:14.284" endtime="20200819 10:13:18.337"></status>
</kw>
<kw name="Drag And Drop" library="extend">
<arguments>
<arg>io.qaninja.android.twp:id/drag_handle</arg>
<arg>3</arg>
<arg>0</arg>
</arguments>
<status status="PASS" starttime="20200819 10:13:18.338" endtime="20200819 10:13:30.501"></status>
</kw>
<kw name="Close Session" library="base" type="teardown">
<kw name="Capture Page Screenshot" library="AppiumLibrary">
<doc>Takes a screenshot of the current page and embeds it into the log.</doc>
<msg timestamp="20200819 10:13:30.846" level="INFO" html="yes">&lt;/td&gt;&lt;/tr&gt;&lt;tr&gt;&lt;td colspan="3"&gt;&lt;a href="appium-screenshot-1.png"&gt;&lt;img src="appium-screenshot-1.png" width="800px"&gt;&lt;/a&gt;</msg>
<status status="PASS" starttime="20200819 10:13:30.502" endtime="20200819 10:13:30.846"></status>
</kw>
<kw name="Close Application" library="AppiumLibrary">
<doc>Closes the current application and also close webdriver session.</doc>
<status status="PASS" starttime="20200819 10:13:30.846" endtime="20200819 10:13:32.318"></status>
</kw>
<status status="PASS" starttime="20200819 10:13:30.501" endtime="20200819 10:13:32.318"></status>
</kw>
<status status="PASS" starttime="20200819 10:12:46.199" endtime="20200819 10:13:32.318" critical="yes"></status>
</test>
<status status="PASS" starttime="20200819 10:12:45.992" endtime="20200819 10:13:32.320"></status>
</suite>
<statistics>
<total>
<stat pass="1" fail="0">Critical Tests</stat>
<stat pass="1" fail="0">All Tests</stat>
</total>
<tag>
</tag>
<suite>
<stat pass="1" fail="0" id="s1" name="Drag-And-Drop">Drag-And-Drop</stat>
</suite>
</statistics>
<errors>
</errors>
</robot>
